
Jul 12, 2024 16:20:26.94 NEW SESSION
Jul 12, 2024 16:20:26.94 [33276:29760:0712/162026.938:ERROR:device_event_log_impl.cc(196)] [16:20:26.938] USB: usb_service_win.cc:105 SetupDiGetDeviceProperty({{A45C254E-DF1C-4EFD-8020-67D146A850E0}, 6}) failed: Element not found. (0x490)
Jul 12, 2024 16:20:27.54 Created TensorFlow Lite XNNPACK delegate for CPU.
Jul 12, 2024 16:34:56.75 [33276:29760:0712/163456.750:ERROR:interface_endpoint_client.cc(722)] Message 0 rejected by interface blink.mojom.WidgetHost
Jul 12, 2024 16:35:23.31 [33276:29760:0712/163523.315:ERROR:interface_endpoint_client.cc(722)] Message 0 rejected by interface blink.mojom.WidgetHost
Jul 12, 2024 16:42:44.71 [33276:29760:0712/164244.712:ERROR:CONSOLE(1)] "Request Storage.getStorageKeyForFrame failed. {"code":-32602,"message":"Frame tree node for given frame not found"}", source: devtools://devtools/bundled/devtools-frontend/front_end/core/protocol_client/protocol_client.js (1)
Jul 12, 2024 16:43:02.56 [33276:29760:0712/164302.564:ERROR:CONSOLE(1)] "Request Storage.getStorageKeyForFrame failed. {"code":-32602,"message":"Frame tree node for given frame not found"}", source: devtools://devtools/bundled/devtools-frontend/front_end/core/protocol_client/protocol_client.js (1)
Jul 12, 2024 16:53:14.57 [33276:29760:0712/165314.579:ERROR:CONSOLE(1)] "Request Storage.getStorageKeyForFrame failed. {"code":-32602,"message":"Frame tree node for given frame not found"}", source: devtools://devtools/bundled/devtools-frontend/front_end/core/protocol_client/protocol_client.js (1)
Jul 12, 2024 17:55:04.24 [33276:29760:0712/175504.246:ERROR:interface_endpoint_client.cc(722)] Message 1 rejected by interface blink.mojom.WidgetHost
Jul 12, 2024 17:56:45.08 [33276:29760:0712/175645.083:ERROR:interface_endpoint_client.cc(722)] Message 0 rejected by interface blink.mojom.WidgetHost

Jul 16, 2024 23:30:32.20 NEW SESSION
Jul 16, 2024 23:30:32.21 [17584:6724:0716/233032.202:ERROR:device_event_log_impl.cc(196)] [23:30:32.202] USB: usb_service_win.cc:105 SetupDiGetDeviceProperty({{A45C254E-DF1C-4EFD-8020-67D146A850E0}, 6}) failed: Element not found. (0x490)
Jul 16, 2024 23:30:32.56 Created TensorFlow Lite XNNPACK delegate for CPU.

Jul 17, 2024 17:50:34.77 NEW SESSION
Jul 17, 2024 17:50:34.78 [18564:9516:0717/175034.768:ERROR:device_event_log_impl.cc(196)] [17:50:34.767] USB: usb_service_win.cc:105 SetupDiGetDeviceProperty({{A45C254E-DF1C-4EFD-8020-67D146A850E0}, 6}) failed: Element not found. (0x490)
Jul 17, 2024 17:50:34.78 Created TensorFlow Lite XNNPACK delegate for CPU.

Jul 20, 2024 12:17:07.89 NEW SESSION
Jul 20, 2024 12:17:07.89 [19424:13628:0720/121707.890:ERROR:device_event_log_impl.cc(196)] [12:17:07.889] USB: usb_service_win.cc:105 SetupDiGetDeviceProperty({{A45C254E-DF1C-4EFD-8020-67D146A850E0}, 6}) failed: Element not found. (0x490)
Jul 20, 2024 12:17:07.92 Created TensorFlow Lite XNNPACK delegate for CPU.
Jul 20, 2024 12:23:11.30 [19424:13628:0720/122311.300:ERROR:interface_endpoint_client.cc(722)] Message 0 rejected by interface blink.mojom.WidgetHost
Jul 20, 2024 12:42:08.40 [19424:13628:0720/124208.403:ERROR:interface_endpoint_client.cc(722)] Message 1 rejected by interface blink.mojom.WidgetHost
Jul 20, 2024 12:42:08.40 [19424:13628:0720/124208.403:ERROR:interface_endpoint_client.cc(722)] Message 1 rejected by interface blink.mojom.WidgetHost
Jul 20, 2024 14:39:21.59 [19424:13628:0720/143921.591:ERROR:interface_endpoint_client.cc(722)] Message 5 rejected by interface blink.mojom.WidgetHost

Jul 21, 2024 11:35:20.01 NEW SESSION
Jul 21, 2024 11:35:20.01 [16288:6192:0721/113520.014:ERROR:device_event_log_impl.cc(196)] [11:35:20.011] USB: usb_service_win.cc:105 SetupDiGetDeviceProperty({{A45C254E-DF1C-4EFD-8020-67D146A850E0}, 6}) failed: Element not found. (0x490)
Jul 21, 2024 11:35:20.05 Created TensorFlow Lite XNNPACK delegate for CPU.
Jul 21, 2024 11:35:42.84 [16288:6192:0721/113542.845:ERROR:interface_endpoint_client.cc(722)] Message 5 rejected by interface blink.mojom.WidgetHost
Jul 21, 2024 11:37:16.90 [16288:6192:0721/113716.896:ERROR:interface_endpoint_client.cc(722)] Message 5 rejected by interface blink.mojom.WidgetHost
Jul 21, 2024 11:37:46.16 [16288:6192:0721/113746.160:ERROR:interface_endpoint_client.cc(722)] Message 5 rejected by interface blink.mojom.WidgetHost
Jul 21, 2024 11:37:50.59 [16288:6192:0721/113750.593:ERROR:interface_endpoint_client.cc(722)] Message 5 rejected by interface blink.mojom.WidgetHost
Jul 21, 2024 11:44:22.17 [16288:6192:0721/114422.173:ERROR:interface_endpoint_client.cc(722)] Message 1 rejected by interface blink.mojom.WidgetHost
Jul 21, 2024 11:47:40.13 [16288:6192:0721/114740.132:ERROR:interface_endpoint_client.cc(722)] Message 1 rejected by interface blink.mojom.WidgetHost
Jul 21, 2024 13:48:57.31 [16288:6192:0721/134857.314:ERROR:interface_endpoint_client.cc(722)] Message 0 rejected by interface blink.mojom.WidgetHost
Jul 21, 2024 14:01:09.51 [16288:6192:0721/140109.517:ERROR:interface_endpoint_client.cc(722)] Message 1 rejected by interface blink.mojom.WidgetHost
Jul 21, 2024 15:06:34.85 [16288:6192:0721/150634.855:ERROR:interface_endpoint_client.cc(722)] Message 0 rejected by interface blink.mojom.WidgetHost
Jul 21, 2024 15:10:53.67 [16288:6192:0721/151053.673:ERROR:interface_endpoint_client.cc(722)] Message 0 rejected by interface blink.mojom.WidgetHost
Jul 21, 2024 15:13:07.48 [16288:6192:0721/151307.483:ERROR:interface_endpoint_client.cc(722)] Message 0 rejected by interface blink.mojom.WidgetHost

Jul 21, 2024 17:06:33.82 NEW SESSION
Jul 21, 2024 17:06:33.83 [11464:6488:0721/170633.819:ERROR:device_event_log_impl.cc(196)] [17:06:33.818] USB: usb_service_win.cc:105 SetupDiGetDeviceProperty({{A45C254E-DF1C-4EFD-8020-67D146A850E0}, 6}) failed: Element not found. (0x490)
Jul 21, 2024 17:06:33.85 Created TensorFlow Lite XNNPACK delegate for CPU.
Jul 21, 2024 17:19:46.85 [10916:17272:0721/171946.856:ERROR:device_event_log_impl.cc(196)] [17:19:46.856] USB: usb_service_win.cc:105 SetupDiGetDeviceProperty({{A45C254E-DF1C-4EFD-8020-67D146A850E0}, 6}) failed: Element not found. (0x490)
Jul 21, 2024 17:19:46.89 Created TensorFlow Lite XNNPACK delegate for CPU.

Jul 22, 2024 11:08:13.37 NEW SESSION
Jul 22, 2024 11:08:13.38 [18384:15228:0722/110813.378:ERROR:device_event_log_impl.cc(196)] [11:08:13.377] USB: usb_service_win.cc:105 SetupDiGetDeviceProperty({{A45C254E-DF1C-4EFD-8020-67D146A850E0}, 6}) failed: Element not found. (0x490)
Jul 22, 2024 11:08:13.66 Created TensorFlow Lite XNNPACK delegate for CPU.
Jul 22, 2024 11:13:43.79 [18384:15228:0722/111343.794:ERROR:interface_endpoint_client.cc(722)] Message 5 rejected by interface blink.mojom.WidgetHost
Jul 22, 2024 11:13:46.44 [18384:15228:0722/111346.442:ERROR:interface_endpoint_client.cc(722)] Message 5 rejected by interface blink.mojom.WidgetHost
Jul 22, 2024 11:25:22.78 [18384:15228:0722/112522.779:ERROR:interface_endpoint_client.cc(722)] Message 5 rejected by interface blink.mojom.WidgetHost
Jul 22, 2024 11:25:25.21 [18384:15228:0722/112525.210:ERROR:interface_endpoint_client.cc(722)] Message 5 rejected by interface blink.mojom.WidgetHost

Jul 24, 2024 10:19:59.62 NEW SESSION
Jul 24, 2024 10:19:59.62 [19388:16476:0724/101959.625:ERROR:device_event_log_impl.cc(196)] [10:19:59.625] USB: usb_service_win.cc:105 SetupDiGetDeviceProperty({{A45C254E-DF1C-4EFD-8020-67D146A850E0}, 6}) failed: Element not found. (0x490)
Jul 24, 2024 10:19:59.71 Created TensorFlow Lite XNNPACK delegate for CPU.
Jul 24, 2024 10:28:59.32 [19388:16476:0724/102859.322:ERROR:interface_endpoint_client.cc(722)] Message 1 rejected by interface blink.mojom.WidgetHost
Jul 24, 2024 10:28:59.32 [19388:16476:0724/102859.322:ERROR:interface_endpoint_client.cc(722)] Message 1 rejected by interface blink.mojom.WidgetHost
Jul 24, 2024 10:41:27.99 [19388:16476:0724/104127.998:ERROR:interface_endpoint_client.cc(722)] Message 0 rejected by interface blink.mojom.WidgetHost
Jul 24, 2024 10:49:27.88 [19388:16476:0724/104927.886:ERROR:interface_endpoint_client.cc(722)] Message 5 rejected by interface blink.mojom.WidgetHost
Jul 24, 2024 10:55:13.39 [19388:16476:0724/105513.394:ERROR:interface_endpoint_client.cc(722)] Message 5 rejected by interface blink.mojom.WidgetHost
Jul 24, 2024 11:00:20.21 [19388:16476:0724/110020.217:ERROR:interface_endpoint_client.cc(722)] Message 5 rejected by interface blink.mojom.WidgetHost
Jul 24, 2024 11:00:23.69 [19388:16476:0724/110023.695:ERROR:interface_endpoint_client.cc(722)] Message 5 rejected by interface blink.mojom.WidgetHost
Jul 24, 2024 11:00:39.78 [19388:16476:0724/110039.781:ERROR:interface_endpoint_client.cc(722)] Message 5 rejected by interface blink.mojom.WidgetHost
Jul 24, 2024 11:32:42.28 [19388:16476:0724/113242.285:ERROR:interface_endpoint_client.cc(722)] Message 5 rejected by interface blink.mojom.WidgetHost
Jul 24, 2024 11:47:26.23 [19388:16476:0724/114726.235:ERROR:interface_endpoint_client.cc(722)] Message 5 rejected by interface blink.mojom.WidgetHost
Jul 24, 2024 11:52:25.63 [19388:16476:0724/115225.631:ERROR:interface_endpoint_client.cc(722)] Message 5 rejected by interface blink.mojom.WidgetHost
Jul 24, 2024 11:52:40.71 [19388:16476:0724/115240.714:ERROR:interface_endpoint_client.cc(722)] Message 5 rejected by interface blink.mojom.WidgetHost
Jul 24, 2024 11:53:31.36 [19388:16476:0724/115331.362:ERROR:interface_endpoint_client.cc(722)] Message 5 rejected by interface blink.mojom.WidgetHost
Jul 24, 2024 11:54:43.71 [19388:16476:0724/115443.709:ERROR:interface_endpoint_client.cc(722)] Message 5 rejected by interface blink.mojom.WidgetHost
Jul 24, 2024 12:00:21.48 [19388:16476:0724/120021.486:ERROR:interface_endpoint_client.cc(722)] Message 5 rejected by interface blink.mojom.WidgetHost
Jul 24, 2024 12:32:40.89 [19388:16476:0724/123240.899:ERROR:interface_endpoint_client.cc(722)] Message 5 rejected by interface blink.mojom.WidgetHost

Jul 24, 2024 13:00:16.74 NEW SESSION
Jul 24, 2024 13:00:16.75 [14164:13308:0724/130016.742:ERROR:device_event_log_impl.cc(196)] [13:00:16.748] USB: usb_service_win.cc:105 SetupDiGetDeviceProperty({{A45C254E-DF1C-4EFD-8020-67D146A850E0}, 6}) failed: Element not found. (0x490)
Jul 24, 2024 13:00:16.75 Created TensorFlow Lite XNNPACK delegate for CPU.
Jul 24, 2024 13:01:41.00 [14164:13308:0724/130141.002:ERROR:interface_endpoint_client.cc(722)] Message 5 rejected by interface blink.mojom.WidgetHost
Jul 24, 2024 13:02:25.94 [14164:13308:0724/130225.947:ERROR:interface_endpoint_client.cc(722)] Message 5 rejected by interface blink.mojom.WidgetHost
Jul 24, 2024 13:02:34.51 [14164:13308:0724/130234.514:ERROR:interface_endpoint_client.cc(722)] Message 5 rejected by interface blink.mojom.WidgetHost
Jul 24, 2024 13:06:11.80 [11736:15652:0724/130611.806:ERROR:device_event_log_impl.cc(196)] [13:06:11.806] USB: usb_service_win.cc:105 SetupDiGetDeviceProperty({{A45C254E-DF1C-4EFD-8020-67D146A850E0}, 6}) failed: Element not found. (0x490)
Jul 24, 2024 13:06:11.82 Created TensorFlow Lite XNNPACK delegate for CPU.
Jul 24, 2024 13:12:15.47 [11736:15652:0724/131215.478:ERROR:interface_endpoint_client.cc(722)] Message 5 rejected by interface blink.mojom.WidgetHost
Jul 24, 2024 13:13:14.47 [11736:15652:0724/131314.473:ERROR:interface_endpoint_client.cc(722)] Message 5 rejected by interface blink.mojom.WidgetHost
Jul 24, 2024 13:18:05.68 [11736:15652:0724/131805.681:ERROR:interface_endpoint_client.cc(722)] Message 5 rejected by interface blink.mojom.WidgetHost
Jul 24, 2024 13:19:01.11 [11736:15652:0724/131901.113:ERROR:interface_endpoint_client.cc(722)] Message 5 rejected by interface blink.mojom.WidgetHost
Jul 24, 2024 13:20:13.20 [11736:15652:0724/132013.202:ERROR:interface_endpoint_client.cc(722)] Message 5 rejected by interface blink.mojom.WidgetHost
Jul 24, 2024 13:23:59.92 [11736:15652:0724/132359.919:ERROR:interface_endpoint_client.cc(722)] Message 5 rejected by interface blink.mojom.WidgetHost
Jul 24, 2024 13:24:32.74 [11736:15652:0724/132432.743:ERROR:interface_endpoint_client.cc(722)] Message 5 rejected by interface blink.mojom.WidgetHost
Jul 24, 2024 13:26:57.66 [11736:15652:0724/132657.667:ERROR:interface_endpoint_client.cc(722)] Message 5 rejected by interface blink.mojom.WidgetHost
Jul 24, 2024 13:27:04.08 [11736:15652:0724/132704.081:ERROR:interface_endpoint_client.cc(722)] Message 5 rejected by interface blink.mojom.WidgetHost
Jul 24, 2024 13:28:42.17 [11736:15652:0724/132842.172:ERROR:interface_endpoint_client.cc(722)] Message 5 rejected by interface blink.mojom.WidgetHost
Jul 24, 2024 13:29:42.36 [11736:15652:0724/132942.368:ERROR:interface_endpoint_client.cc(722)] Message 1 rejected by interface blink.mojom.WidgetHost
Jul 24, 2024 13:32:45.44 [19576:15860:0724/133245.449:ERROR:device_event_log_impl.cc(196)] [13:32:45.450] USB: usb_service_win.cc:105 SetupDiGetDeviceProperty({{A45C254E-DF1C-4EFD-8020-67D146A850E0}, 6}) failed: Element not found. (0x490)
Jul 24, 2024 13:32:45.48 Created TensorFlow Lite XNNPACK delegate for CPU.

Jul 29, 2024 23:04:30.41 NEW SESSION
Jul 29, 2024 23:04:30.42 [16804:15656:0729/230430.416:ERROR:device_event_log_impl.cc(196)] [23:04:30.415] USB: usb_service_win.cc:105 SetupDiGetDeviceProperty({{A45C254E-DF1C-4EFD-8020-67D146A850E0}, 6}) failed: Element not found. (0x490)
Jul 29, 2024 23:04:30.84 Created TensorFlow Lite XNNPACK delegate for CPU.
Jul 29, 2024 23:04:37.50 [16804:15656:0729/230437.507:ERROR:CONSOLE(1)] "Request Storage.getStorageKeyForFrame failed. {"code":-32602,"message":"Frame tree node for given frame not found"}", source: devtools://devtools/bundled/devtools-frontend/front_end/core/protocol_client/protocol_client.js (1)
Jul 29, 2024 23:04:37.50 [16804:15656:0729/230437.507:ERROR:CONSOLE(1)] "Request Storage.getStorageKeyForFrame failed. {"code":-32602,"message":"Frame tree node for given frame not found"}", source: devtools://devtools/bundled/devtools-frontend/front_end/core/protocol_client/protocol_client.js (1)
Jul 29, 2024 23:05:06.84 Attempting to use a delegate that only supports static-sized tensors with a graph that has dynamic-sized tensors (tensor#58 is a dynamic-sized tensor).
Jul 29, 2024 23:06:18.49 [16804:15656:0729/230618.495:ERROR:CONSOLE(1)] "Request Storage.getStorageKeyForFrame failed. {"code":-32602,"message":"Frame tree node for given frame not found"}", source: devtools://devtools/bundled/devtools-frontend/front_end/core/protocol_client/protocol_client.js (1)
Jul 29, 2024 23:36:43.02 [16804:15656:0729/233643.024:ERROR:CONSOLE(1)] "Request Storage.getStorageKeyForFrame failed. {"code":-32602,"message":"Frame tree node for given frame not found"}", source: devtools://devtools/bundled/devtools-frontend/front_end/core/protocol_client/protocol_client.js (1)
Jul 29, 2024 23:36:43.16 [16804:15656:0729/233643.161:ERROR:CONSOLE(1)] "Request Storage.getStorageKeyForFrame failed. {"code":-32602,"message":"Frame tree node for given frame not found"}", source: devtools://devtools/bundled/devtools-frontend/front_end/core/protocol_client/protocol_client.js (1)
Jul 29, 2024 23:36:43.18 [16804:15656:0729/233643.180:ERROR:CONSOLE(1)] "Request Storage.getStorageKeyForFrame failed. {"code":-32602,"message":"Frame tree node for given frame not found"}", source: devtools://devtools/bundled/devtools-frontend/front_end/core/protocol_client/protocol_client.js (1)
Jul 29, 2024 23:37:36.46 [16804:15656:0729/233736.461:ERROR:CONSOLE(1)] "Request Storage.getStorageKeyForFrame failed. {"code":-32602,"message":"Frame tree node for given frame not found"}", source: devtools://devtools/bundled/devtools-frontend/front_end/core/protocol_client/protocol_client.js (1)
Jul 29, 2024 23:37:43.10 [16804:15656:0729/233743.107:ERROR:CONSOLE(1)] "Request Storage.getStorageKeyForFrame failed. {"code":-32602,"message":"Frame tree node for given frame not found"}", source: devtools://devtools/bundled/devtools-frontend/front_end/core/protocol_client/protocol_client.js (1)
Jul 29, 2024 23:37:49.01 [16804:15656:0729/233749.015:ERROR:interface_endpoint_client.cc(722)] Message 5 rejected by interface blink.mojom.WidgetHost
Jul 29, 2024 23:44:22.84 [16804:15656:0729/234422.845:ERROR:interface_endpoint_client.cc(722)] Message 1 rejected by interface blink.mojom.WidgetHost
Jul 29, 2024 23:44:22.84 [16804:15656:0729/234422.845:ERROR:interface_endpoint_client.cc(722)] Message 1 rejected by interface blink.mojom.WidgetHost
Jul 29, 2024 23:54:24.00 [16804:15656:0729/235424.000:ERROR:interface_endpoint_client.cc(722)] Message 5 rejected by interface blink.mojom.WidgetHost

Aug 05, 2024 12:12:15.94 NEW SESSION
Aug 05, 2024 12:12:15.95 [28752:12400:0805/121215.940:ERROR:device_event_log_impl.cc(196)] [12:12:15.939] USB: usb_service_win.cc:105 SetupDiGetDeviceProperty({{A45C254E-DF1C-4EFD-8020-67D146A850E0}, 6}) failed: Element not found. (0x490)
Aug 05, 2024 12:12:16.32 Created TensorFlow Lite XNNPACK delegate for CPU.
Aug 05, 2024 12:12:27.56 Attempting to use a delegate that only supports static-sized tensors with a graph that has dynamic-sized tensors (tensor#58 is a dynamic-sized tensor).

Aug 08, 2024 13:28:19.48 NEW SESSION
Aug 08, 2024 13:28:19.49 [11476:27244:0808/132819.485:ERROR:device_event_log_impl.cc(196)] [13:28:19.484] USB: usb_service_win.cc:105 SetupDiGetDeviceProperty({{A45C254E-DF1C-4EFD-8020-67D146A850E0}, 6}) failed: Element not found. (0x490)
Aug 08, 2024 13:28:19.52 Created TensorFlow Lite XNNPACK delegate for CPU.
Aug 08, 2024 13:28:26.43 Attempting to use a delegate that only supports static-sized tensors with a graph that has dynamic-sized tensors (tensor#58 is a dynamic-sized tensor).
Aug 08, 2024 13:29:26.58 [4308:30184:0808/132926.581:ERROR:device_event_log_impl.cc(196)] [13:29:26.581] USB: usb_service_win.cc:105 SetupDiGetDeviceProperty({{A45C254E-DF1C-4EFD-8020-67D146A850E0}, 6}) failed: Element not found. (0x490)
Aug 08, 2024 13:29:26.61 Created TensorFlow Lite XNNPACK delegate for CPU.
Aug 08, 2024 13:29:39.58 Attempting to use a delegate that only supports static-sized tensors with a graph that has dynamic-sized tensors (tensor#58 is a dynamic-sized tensor).
Aug 08, 2024 13:39:39.20 [4308:30184:0808/133939.206:ERROR:interface_endpoint_client.cc(722)] Message 5 rejected by interface blink.mojom.WidgetHost

Aug 09, 2024 15:57:27.30 NEW SESSION
Aug 09, 2024 15:57:27.31 [10460:8424:0809/155727.299:ERROR:device_event_log_impl.cc(196)] [15:57:27.299] USB: usb_service_win.cc:105 SetupDiGetDeviceProperty({{A45C254E-DF1C-4EFD-8020-67D146A850E0}, 6}) failed: Element not found. (0x490)
Aug 09, 2024 15:57:27.65 Created TensorFlow Lite XNNPACK delegate for CPU.
Aug 09, 2024 15:57:50.20 Attempting to use a delegate that only supports static-sized tensors with a graph that has dynamic-sized tensors (tensor#58 is a dynamic-sized tensor).
